/usr/local/lib/node_modules/@angular/cli/node_modules/@angular-devkit/core
/usr/local/lib/node_modules/angular-cli/node_modules/@angular/core
/usr/local/Cellar/python@3.9/3.9.1_2/Frameworks/Python.framework/Versions/3.9/share/doc/python3.9/examples/Tools/msi/core
/Library/Developer/CommandLineTools/SDKs/MacOSX11.1.sdk/System/Library/Frameworks/Python.framework/Versions/2.7/Extras/lib/python/numpy/core
/Library/Developer/CommandLineTools/SDKs/MacOSX11.3.sdk/System/Library/Frameworks/Python.framework/Versions/2.7/Extras/lib/python/numpy/core
/Library/Developer/CommandLineTools/SDKs/MacOSX10.15.sdk/System/Library/Frameworks/Python.framework/Versions/2.7/Extras/lib/python/numpy/core
/Library/Java/JavaVirtualMachines/jdk1.8.0_241.jdk/Contents/Home/lib/visualvm/platform/core
/Library/Java/JavaVirtualMachines/jdk1.8.0_241.jdk/Contents/Home/lib/visualvm/visualvm/core
/Library/Java/JavaVirtualMachines/jdk1.8.0_271.jdk/Contents/Home/lib/visualvm/platform/core
/Library/Java/JavaVirtualMachines/jdk1.8.0_271.jdk/Contents/Home/lib/visualvm/visualvm/core
/Library/Frameworks/Python.framework/Versions/3.9/share/doc/python3.9/examples/Tools/msi/core
/System/Library/Frameworks/Python.framework/Versions/2.7/Extras/lib/python/numpy/core
/System/Volumes/Update/mnt1/System/Library/Frameworks/Python.framework/Versions/2.7/Extras/lib/python/numpy/core
/System/Volumes/Data/usr/local/lib/node_modules/@angular/cli/node_modules/@angular-devkit/core
/System/Volumes/Data/usr/local/lib/node_modules/angular-cli/node_modules/@angular/core
/System/Volumes/Data/usr/local/Cellar/python@3.9/3.9.1_2/Frameworks/Python.framework/Versions/3.9/share/doc/python3.9/examples/Tools/msi/core
/System/Volumes/Data/Library/Developer/CommandLineTools/SDKs/MacOSX11.1.sdk/System/Library/Frameworks/Python.framework/Versions/2.7/Extras/lib/python/numpy/core
/System/Volumes/Data/Library/Developer/CommandLineTools/SDKs/MacOSX11.3.sdk/System/Library/Frameworks/Python.framework/Versions/2.7/Extras/lib/python/numpy/core
/System/Volumes/Data/Library/Developer/CommandLineTools/SDKs/MacOSX10.15.sdk/System/Library/Frameworks/Python.framework/Versions/2.7/Extras/lib/python/numpy/core
/System/Volumes/Data/Library/Java/JavaVirtualMachines/jdk1.8.0_241.jdk/Contents/Home/lib/visualvm/platform/core
/System/Volumes/Data/Library/Java/JavaVirtualMachines/jdk1.8.0_241.jdk/Contents/Home/lib/visualvm/visualvm/core
/System/Volumes/Data/Library/Java/JavaVirtualMachines/jdk1.8.0_271.jdk/Contents/Home/lib/visualvm/platform/core
/System/Volumes/Data/Library/Java/JavaVirtualMachines/jdk1.8.0_271.jdk/Contents/Home/lib/visualvm/visualvm/core
/System/Volumes/Data/Library/Frameworks/Python.framework/Versions/3.9/share/doc/python3.9/examples/Tools/msi/core
